{
  "RSpec": {
    "coverage": {
      "/Users/sparker/Projects/ga-final-project/taste_of_russia/config/environment.rb": [
        null,
        1,
        null,
        null,
        1
      ],
      "/Users/sparker/Projects/ga-final-project/taste_of_russia/config/application.rb": [
        1,
        null,
        1,
        null,
        1,
        1,
        1,
        1,
        1,
        1,
        1,
        1,
        1,
        null,
        null,
        null,
        null,
        1,
        null,
        1,
        1,
        null,
        1,
        null,
        null,
        null,
        null,
        null,
        null,
        null,
        1,
        null,
        null
      ],
      "/Users/sparker/Projects/ga-final-project/taste_of_russia/config/boot.rb": [
        1,
        null,
        1,
        1
      ],
      "/Users/sparker/Projects/ga-final-project/taste_of_russia/config/environments/test.rb": [
        1,
        null,
        null,
        null,
        null,
        null,
        null,
        1,
        null,
        null,
        null,
        null,
        1,
        null,
        null,
        1,
        1,
        null,
        null,
        null,
        null,
        1,
        1,
        null,
        null,
        1,
        null,
        null,
        1,
        null,
        null,
        1,
        null,
        1,
        null,
        null,
        null,
        null,
        1,
        null,
        null,
        1,
        null,
        null,
        null,
        null
      ],
      "/Users/sparker/Projects/ga-final-project/taste_of_russia/config/initializers/application_controller_renderer.rb": [
        null,
        null,
        null,
        null,
        null,
        null,
        null,
        null
      ],
      "/Users/sparker/Projects/ga-final-project/taste_of_russia/config/initializers/assets.rb": [
        null,
        null,
        null,
        1,
        null,
        null,
        null,
        null,
        1,
        null,
        null,
        null,
        null,
        null
      ],
      "/Users/sparker/Projects/ga-final-project/taste_of_russia/config/initializers/backtrace_silencers.rb": [
        null,
        null,
        null,
        null,
        null,
        null,
        null
      ],
      "/Users/sparker/Projects/ga-final-project/taste_of_russia/config/initializers/content_security_policy.rb": [
        null,
        null,
        null,
        null,
        null,
        null,
        null,
        null,
        null,
        null,
        null,
        null,
        null,
        null,
        null,
        null,
        null,
        null,
        null,
        null,
        null,
        null,
        null,
        null,
        null
      ],
      "/Users/sparker/Projects/ga-final-project/taste_of_russia/config/initializers/cookies_serializer.rb": [
        null,
        null,
        null,
        null,
        1
      ],
      "/Users/sparker/Projects/ga-final-project/taste_of_russia/config/initializers/filter_parameter_logging.rb": [
        null,
        null,
        null,
        1
      ],
      "/Users/sparker/Projects/ga-final-project/taste_of_russia/config/initializers/inflections.rb": [
        null,
        null,
        null,
        null,
        null,
        null,
        null,
        null,
        null,
        null,
        null,
        null,
        null,
        null,
        null,
        null
      ],
      "/Users/sparker/Projects/ga-final-project/taste_of_russia/config/initializers/mime_types.rb": [
        null,
        null,
        null,
        null
      ],
      "/Users/sparker/Projects/ga-final-project/taste_of_russia/config/initializers/wrap_parameters.rb": [
        null,
        null,
        null,
        null,
        null,
        null,
        1,
        2,
        null,
        null,
        null,
        null,
        null,
        null
      ],
      "/Users/sparker/Projects/ga-final-project/taste_of_russia/config/routes.rb": [
        1,
        null,
        null
      ],
      "/Users/sparker/Projects/ga-final-project/taste_of_russia/app/helpers/application_helper.rb": [
        1,
        null
      ],
      "/Users/sparker/Projects/ga-final-project/taste_of_russia/app/models/administrator.rb": [
        1,
        1,
        1,
        null
      ],
      "/Users/sparker/Projects/ga-final-project/taste_of_russia/app/models/application_record.rb": [
        1,
        1,
        null
      ],
      "/Users/sparker/Projects/ga-final-project/taste_of_russia/spec/models/booking_person_spec.rb": [
        1,
        null,
        1,
        null,
        5,
        null,
        null,
        null,
        1,
        4,
        null,
        null,
        null,
        null,
        null,
        1,
        1,
        1,
        null,
        null,
        1,
        1,
        1,
        null,
        null,
        1,
        1,
        1,
        null,
        null,
        null,
        1,
        2,
        null,
        null,
        null,
        null
      ],
      "/Users/sparker/Projects/ga-final-project/taste_of_russia/app/models/booking_person.rb": [
        1,
        1,
        1,
        null
      ],
      "/Users/sparker/Projects/ga-final-project/taste_of_russia/spec/models/booking_spec.rb": [
        1,
        null,
        1,
        null,
        7,
        null,
        null,
        null,
        null,
        7,
        null,
        null,
        null,
        null,
        null,
        null,
        null,
        1,
        6,
        null,
        null,
        null,
        null,
        null,
        null,
        null,
        1,
        1,
        1,
        null,
        null,
        1,
        1,
        1,
        null,
        null,
        1,
        1,
        1,
        null,
        null,
        null,
        1,
        2,
        2,
        2,
        null,
        null,
        null,
        null,
        null,
        null
      ],
      "/Users/sparker/Projects/ga-final-project/taste_of_russia/app/models/booking.rb": [
        1,
        1,
        1,
        1,
        1,
        null
      ],
      "/Users/sparker/Projects/ga-final-project/taste_of_russia/spec/models/customer_spec.rb": [
        1,
        null,
        1,
        null,
        1,
        7,
        null,
        null,
        null,
        null,
        null,
        null,
        null,
        1,
        1,
        1,
        null,
        null,
        1,
        1,
        1,
        null,
        null,
        1,
        1,
        1,
        null,
        null,
        1,
        1,
        1,
        null,
        null,
        1,
        1,
        1,
        null,
        null,
        1,
        1,
        1,
        null,
        null,
        null,
        1,
        2,
        null,
        null,
        null,
        null,
        null,
        null,
        null,
        null
      ],
      "/Users/sparker/Projects/ga-final-project/taste_of_russia/app/models/customer.rb": [
        1,
        1,
        1,
        1,
        null
      ],
      "/Users/sparker/Projects/ga-final-project/taste_of_russia/spec/models/tour_day_spec.rb": [
        1,
        null,
        1,
        null,
        5,
        null,
        null,
        null,
        null,
        null,
        1,
        4,
        null,
        null,
        null,
        null,
        null,
        null,
        1,
        1,
        1,
        null,
        null,
        1,
        1,
        1,
        null,
        null,
        1,
        1,
        1,
        null,
        null,
        null,
        1,
        2,
        null,
        null,
        null,
        null,
        null,
        null,
        null
      ],
      "/Users/sparker/Projects/ga-final-project/taste_of_russia/app/models/tour_day.rb": [
        1,
        1,
        1,
        null
      ],
      "/Users/sparker/Projects/ga-final-project/taste_of_russia/spec/models/tour_spec.rb": [
        1,
        null,
        1,
        null,
        1,
        8,
        null,
        null,
        null,
        null,
        null,
        1,
        1,
        1,
        null,
        null,
        1,
        1,
        1,
        null,
        null,
        1,
        1,
        1,
        null,
        null,
        1,
        1,
        1,
        null,
        null,
        1,
        1,
        1,
        null,
        null,
        1,
        1,
        1,
        null,
        null,
        null,
        1,
        2,
        2,
        null,
        null,
        null
      ],
      "/Users/sparker/Projects/ga-final-project/taste_of_russia/app/models/tour.rb": [
        1,
        1,
        1,
        1,
        1,
        1,
        null
      ]
    },
    "timestamp": 1535180241
  }
}
