{
  "RSpec": {
    "coverage": {
      "/Users/sparker/Projects/ga-final-project/taste_of_russia/config/environment.rb": [
        null,
        1,
        null,
        null,
        1
      ],
      "/Users/sparker/Projects/ga-final-project/taste_of_russia/config/application.rb": [
        1,
        null,
        1,
        null,
        1,
        1,
        1,
        1,
        1,
        1,
        1,
        1,
        1,
        null,
        null,
        null,
        null,
        1,
        null,
        1,
        1,
        null,
        1,
        null,
        null,
        null,
        null,
        null,
        null,
        null,
        1,
        null,
        null
      ],
      "/Users/sparker/Projects/ga-final-project/taste_of_russia/config/boot.rb": [
        1,
        null,
        1,
        1
      ],
      "/Users/sparker/Projects/ga-final-project/taste_of_russia/config/environments/test.rb": [
        1,
        null,
        null,
        null,
        null,
        null,
        null,
        1,
        null,
        null,
        null,
        null,
        1,
        null,
        null,
        1,
        1,
        null,
        null,
        null,
        null,
        1,
        1,
        null,
        null,
        1,
        null,
        null,
        1,
        null,
        null,
        1,
        null,
        1,
        null,
        null,
        null,
        null,
        1,
        null,
        null,
        1,
        null,
        null,
        null,
        null
      ],
      "/Users/sparker/Projects/ga-final-project/taste_of_russia/config/initializers/application_controller_renderer.rb": [
        null,
        null,
        null,
        null,
        null,
        null,
        null,
        null
      ],
      "/Users/sparker/Projects/ga-final-project/taste_of_russia/config/initializers/assets.rb": [
        null,
        null,
        null,
        1,
        null,
        null,
        null,
        null,
        1,
        null,
        null,
        null,
        null,
        null
      ],
      "/Users/sparker/Projects/ga-final-project/taste_of_russia/config/initializers/backtrace_silencers.rb": [
        null,
        null,
        null,
        null,
        null,
        null,
        null
      ],
      "/Users/sparker/Projects/ga-final-project/taste_of_russia/config/initializers/content_security_policy.rb": [
        null,
        null,
        null,
        null,
        null,
        null,
        null,
        null,
        null,
        null,
        null,
        null,
        null,
        null,
        null,
        null,
        null,
        null,
        null,
        null,
        null,
        null,
        null,
        null,
        null
      ],
      "/Users/sparker/Projects/ga-final-project/taste_of_russia/config/initializers/cookies_serializer.rb": [
        null,
        null,
        null,
        null,
        1
      ],
      "/Users/sparker/Projects/ga-final-project/taste_of_russia/config/initializers/filter_parameter_logging.rb": [
        null,
        null,
        null,
        1
      ],
      "/Users/sparker/Projects/ga-final-project/taste_of_russia/config/initializers/inflections.rb": [
        null,
        null,
        null,
        null,
        null,
        null,
        null,
        null,
        null,
        null,
        null,
        null,
        null,
        null,
        null,
        null
      ],
      "/Users/sparker/Projects/ga-final-project/taste_of_russia/config/initializers/mime_types.rb": [
        null,
        null,
        null,
        null
      ],
      "/Users/sparker/Projects/ga-final-project/taste_of_russia/config/initializers/wrap_parameters.rb": [
        null,
        null,
        null,
        null,
        null,
        null,
        1,
        2,
        null,
        null,
        null,
        null,
        null,
        null
      ],
      "/Users/sparker/Projects/ga-final-project/taste_of_russia/config/routes.rb": [
        1,
        1,
        1,
        1,
        1,
        null,
        1,
        1,
        1,
        null
      ],
      "/Users/sparker/Projects/ga-final-project/taste_of_russia/app/helpers/application_helper.rb": [
        1,
        null
      ],
      "/Users/sparker/Projects/ga-final-project/taste_of_russia/app/helpers/bookings_helper.rb": [
        1,
        null
      ],
      "/Users/sparker/Projects/ga-final-project/taste_of_russia/app/helpers/customers_helper.rb": [
        1,
        null
      ],
      "/Users/sparker/Projects/ga-final-project/taste_of_russia/app/helpers/pages_helper.rb": [
        1,
        null
      ],
      "/Users/sparker/Projects/ga-final-project/taste_of_russia/app/helpers/session_helper.rb": [
        1,
        null
      ],
      "/Users/sparker/Projects/ga-final-project/taste_of_russia/app/helpers/tours_helper.rb": [
        1,
        null
      ],
      "/Users/sparker/Projects/ga-final-project/taste_of_russia/app/controllers/bookings_controller.rb": [
        1,
        null
      ],
      "/Users/sparker/Projects/ga-final-project/taste_of_russia/app/controllers/application_controller.rb": [
        1,
        null
      ],
      "/Users/sparker/Projects/ga-final-project/taste_of_russia/spec/controllers/customers_controller_spec.rb": [
        1,
        null,
        1,
        null,
        1,
        1,
        null,
        null,
        null
      ],
      "/Users/sparker/Projects/ga-final-project/taste_of_russia/app/controllers/customers_controller.rb": [
        1,
        null
      ],
      "/Users/sparker/Projects/ga-final-project/taste_of_russia/spec/controllers/pages_controller_spec.rb": [
        1,
        null,
        1,
        null,
        1,
        null,
        1,
        1,
        null,
        null,
        1,
        1,
        null,
        null,
        null,
        null
      ],
      "/Users/sparker/Projects/ga-final-project/taste_of_russia/app/controllers/pages_controller.rb": [
        1,
        1,
        1,
        null,
        null,
        null
      ],
      "/Users/sparker/Projects/ga-final-project/taste_of_russia/spec/controllers/session_controller_spec.rb": [
        1,
        null,
        1,
        null,
        null
      ],
      "/Users/sparker/Projects/ga-final-project/taste_of_russia/app/controllers/session_controller.rb": [
        1,
        null
      ],
      "/Users/sparker/Projects/ga-final-project/taste_of_russia/spec/controllers/tours_controller_spec.rb": [
        1,
        null,
        1,
        1,
        1,
        null,
        null,
        1,
        1,
        null,
        null
      ],
      "/Users/sparker/Projects/ga-final-project/taste_of_russia/app/controllers/tours_controller.rb": [
        1,
        null,
        null,
        null,
        null
      ],
      "/Users/sparker/Projects/ga-final-project/taste_of_russia/app/models/tour.rb": [
        1,
        1,
        1,
        1,
        1,
        1,
        null
      ],
      "/Users/sparker/Projects/ga-final-project/taste_of_russia/app/models/application_record.rb": [
        1,
        1,
        null
      ]
    },
    "timestamp": 1535187789
  }
}
